{"C:\\Users\\feder\\OneDrive\\Escritorio\\proyecto-Guía Turística-backend\\Dto\\loginDto.ts": {"path":"C:\\Users\\feder\\OneDrive\\Escritorio\\proyecto-Guía Turística-backend\\Dto\\loginDto.ts","statementMap":{"0":{"start":{"line":6,"column":8},"end":{"line":6,"column":27}},"1":{"start":{"line":11,"column":8},"end":{"line":11,"column":27}},"2":{"start":{"line":16,"column":8},"end":{"line":16,"column":28}},"3":{"start":{"line":20,"column":0},"end":{"line":20,"column":21}}},"fnMap":{"0":{"name":"(anonymous_0)","decl":{"start":{"line":3,"column":4},"end":{"line":3,"column":null}},"loc":{"start":{"line":4,"column":21},"end":{"line":7,"column":5}}},"1":{"name":"(anonymous_1)","decl":{"start":{"line":10,"column":4},"end":{"line":10,"column":8}},"loc":{"start":{"line":10,"column":13},"end":{"line":12,"column":5}}},"2":{"name":"(anonymous_2)","decl":{"start":{"line":15,"column":4},"end":{"line":15,"column":8}},"loc":{"start":{"line":15,"column":26},"end":{"line":17,"column":5}}}},"branchMap":{},"s":{"0":1,"1":1,"2":0,"3":1},"f":{"0":1,"1":1,"2":0},"b":{}}
,"C:\\Users\\feder\\OneDrive\\Escritorio\\proyecto-Guía Turística-backend\\Helpers\\generateToken.ts": {"path":"C:\\Users\\feder\\OneDrive\\Escritorio\\proyecto-Guía Turística-backend\\Helpers\\generateToken.ts","statementMap":{"0":{"start":{"line":1,"column":0},"end":{"line":1,"column":31}},"1":{"start":{"line":3,"column":20},"end":{"line":5,"column":null}},"2":{"start":{"line":3,"column":69},"end":{"line":5,"column":null}},"3":{"start":{"line":8,"column":0},"end":{"line":8,"column":29}}},"fnMap":{"0":{"name":"(anonymous_1)","decl":{"start":{"line":3,"column":20},"end":{"line":3,"column":21}},"loc":{"start":{"line":3,"column":69},"end":{"line":5,"column":null}}}},"branchMap":{},"s":{"0":1,"1":1,"2":1,"3":1},"f":{"0":1},"b":{}}
,"C:\\Users\\feder\\OneDrive\\Escritorio\\proyecto-Guía Turística-backend\\config\\config-db.ts": {"path":"C:\\Users\\feder\\OneDrive\\Escritorio\\proyecto-Guía Turística-backend\\config\\config-db.ts","statementMap":{"0":{"start":{"line":1,"column":0},"end":{"line":1,"column":27}},"1":{"start":{"line":2,"column":0},"end":{"line":2,"column":28}},"2":{"start":{"line":3,"column":0},"end":{"line":3,"column":16}},"3":{"start":{"line":6,"column":11},"end":{"line":13,"column":4}},"4":{"start":{"line":15,"column":0},"end":{"line":15,"column":null}}},"fnMap":{},"branchMap":{},"s":{"0":1,"1":1,"2":1,"3":1,"4":1},"f":{},"b":{}}
,"C:\\Users\\feder\\OneDrive\\Escritorio\\proyecto-Guía Turística-backend\\controllers\\login-controller.ts": {"path":"C:\\Users\\feder\\OneDrive\\Escritorio\\proyecto-Guía Turística-backend\\controllers\\login-controller.ts","statementMap":{"0":{"start":{"line":2,"column":15},"end":{"line":2,"column":34}},"1":{"start":{"line":3,"column":11},"end":{"line":3,"column":44}},"2":{"start":{"line":4,"column":0},"end":{"line":4,"column":62}},"3":{"start":{"line":5,"column":0},"end":{"line":5,"column":36}},"4":{"start":{"line":7,"column":0},"end":{"line":7,"column":53}},"5":{"start":{"line":8,"column":19},"end":{"line":8,"column":26}},"6":{"start":{"line":51,"column":8},"end":{"line":51,"column":18}},"7":{"start":{"line":10,"column":11},"end":{"line":10,"column":48}},"8":{"start":{"line":51,"column":20},"end":{"line":51,"column":25}},"9":{"start":{"line":12,"column":11},"end":{"line":47,"column":6}},"10":{"start":{"line":12,"column":49},"end":{"line":47,"column":6}},"11":{"start":{"line":13,"column":6},"end":{"line":46,"column":7}},"12":{"start":{"line":14,"column":37},"end":{"line":14,"column":45}},"13":{"start":{"line":15,"column":8},"end":{"line":15,"column":30}},"14":{"start":{"line":17,"column":28},"end":{"line":17,"column":73}},"15":{"start":{"line":18,"column":8},"end":{"line":18,"column":28}},"16":{"start":{"line":21,"column":8},"end":{"line":38,"column":9}},"17":{"start":{"line":22,"column":34},"end":{"line":22,"column":93}},"18":{"start":{"line":23,"column":10},"end":{"line":33,"column":11}},"19":{"start":{"line":24,"column":12},"end":{"line":28,"column":null}},"20":{"start":{"line":30,"column":12},"end":{"line":32,"column":15}},"21":{"start":{"line":35,"column":10},"end":{"line":37,"column":13}},"22":{"start":{"line":40,"column":8},"end":{"line":45,"column":9}},"23":{"start":{"line":41,"column":10},"end":{"line":41,"column":71}},"24":{"start":{"line":42,"column":15},"end":{"line":45,"column":9}},"25":{"start":{"line":43,"column":10},"end":{"line":43,"column":38}},"26":{"start":{"line":50,"column":0},"end":{"line":50,"column":20}}},"fnMap":{"0":{"name":"(anonymous_8)","decl":{"start":{"line":12,"column":11},"end":{"line":12,"column":18}},"loc":{"start":{"line":12,"column":49},"end":{"line":47,"column":6}}},"1":{"name":"(anonymous_9)","decl":{"start":{"line":12,"column":49},"end":{"line":12,"column":null}},"loc":{"start":{"line":12,"column":49},"end":{"line":47,"column":5}}}},"branchMap":{"0":{"loc":{"start":{"line":21,"column":8},"end":{"line":38,"column":9}},"type":"if","locations":[{"start":{"line":21,"column":8},"end":{"line":38,"column":9}},{"start":{"line":34,"column":13},"end":{"line":38,"column":9}}]},"1":{"loc":{"start":{"line":23,"column":10},"end":{"line":33,"column":11}},"type":"if","locations":[{"start":{"line":23,"column":10},"end":{"line":33,"column":11}},{"start":{"line":29,"column":15},"end":{"line":33,"column":11}}]},"2":{"loc":{"start":{"line":40,"column":8},"end":{"line":45,"column":9}},"type":"if","locations":[{"start":{"line":40,"column":8},"end":{"line":45,"column":9}},{"start":{"line":42,"column":15},"end":{"line":45,"column":9}}]},"3":{"loc":{"start":{"line":40,"column":12},"end":{"line":40,"column":50}},"type":"binary-expr","locations":[{"start":{"line":40,"column":12},"end":{"line":40,"column":17}},{"start":{"line":40,"column":21},"end":{"line":40,"column":50}}]},"4":{"loc":{"start":{"line":42,"column":15},"end":{"line":45,"column":9}},"type":"if","locations":[{"start":{"line":42,"column":15},"end":{"line":45,"column":9}}]}},"s":{"0":1,"1":1,"2":1,"3":1,"4":1,"5":1,"6":1,"7":1,"8":1,"9":1,"10":1,"11":1,"12":1,"13":1,"14":1,"15":1,"16":1,"17":0,"18":0,"19":0,"20":0,"21":1,"22":0,"23":0,"24":0,"25":0,"26":1},"f":{"0":1,"1":1},"b":{"0":[0,1],"1":[0,0],"2":[0,0],"3":[0,0],"4":[0]}}
,"C:\\Users\\feder\\OneDrive\\Escritorio\\proyecto-Guía Turística-backend\\repositories\\loginRepository.ts": {"path":"C:\\Users\\feder\\OneDrive\\Escritorio\\proyecto-Guía Turística-backend\\repositories\\loginRepository.ts","statementMap":{"0":{"start":{"line":1,"column":0},"end":{"line":1,"column":37}},"1":{"start":{"line":7,"column":20},"end":{"line":7,"column":69}},"2":{"start":{"line":8,"column":23},"end":{"line":8,"column":36}},"3":{"start":{"line":9,"column":8},"end":{"line":9,"column":null}},"4":{"start":{"line":13,"column":0},"end":{"line":13,"column":31}}},"fnMap":{"0":{"name":"(anonymous_8)","decl":{"start":{"line":6,"column":4},"end":{"line":6,"column":10}},"loc":{"start":{"line":6,"column":34},"end":{"line":10,"column":null}}}},"branchMap":{},"s":{"0":1,"1":1,"2":1,"3":1,"4":1},"f":{"0":1},"b":{}}
}
